mkdir: cannot create directory 'IPROUT': File exists
15/08/2017 12:46:18:612 Welcome to InterProScan-5.24-63.0
15/08/2017 12:46:26:569 Running InterProScan v5 in STANDALONE mode... on Linux
15/08/2017 12:46:44:837 Loading file /rhome/arajewski/bigdata/Csativa/FAPredict/predict_results/purple_kush.proteins.fa.13
15/08/2017 12:46:44:840 Running the following analyses:
[CDD-3.14,Coils-2.2.1,Gene3D-4.1.0,Hamap-201701.18,MobiDBLite-1.0,Pfam-31.0,PIRSF-3.02,PRINTS-42.0,ProDom-2006.1,ProSitePatterns-20.132,ProSiteProfiles-20.132,SFLD-2,SMART-7.1,SUPERFAMILY-1.75,TIGRFAM-15.0]
Available matches will be retrieved from the pre-calculated match lookup service.

Matches for any sequences that are not represented in the lookup service will be calculated locally.
2017-08-15 12:46:45,725 [amqEmbeddedWorkerJmsContainer-1] [uk.ac.ebi.interpro.scan.business.sequence.BerkeleyPrecalculatedProteinLookup:350] WARN - 

The version of InterProScan you are using is 5.24-63.0
The version of the lookup service you are using is 5.25-64.0
As the data in these versions is not the same, you cannot use this match lookup service.
InterProScan will now run locally
If you would like to use the match lookup service, you have the following options:
i) Download the newest version of InterProScan5 from our FTP site by following the instructions on:
   https://www.ebi.ac.uk/interpro/interproscan.html
ii) Download the match lookup service for your version of InterProScan from our FTP site and install it locally.
    You will then need to edit the following property in your configuration file to point to your local installation:
    precalculated.match.lookup.service.url=

In the meantime, the analysis will continue to run locally.


15/08/2017 13:16:27:984 25% completed
15/08/2017 13:24:38:690 50% completed
15/08/2017 14:13:33:943 75% completed
15/08/2017 14:26:46:665 91% completed
15/08/2017 14:28:50:837 99% completed
15/08/2017 14:30:33:664 100% done:  InterProScan analyses completed
